#
# A fatal error has been detected by the Java Runtime Environment:
#
#  SIGSEGV (0xb) at pc=0x00007fb5c68f2375, pid=29195, tid=29212
#
# JRE version: OpenJDK Runtime Environment (15.0.1+9) (build 15.0.1+9-18)
# Java VM: OpenJDK 64-Bit Server VM (15.0.1+9-18, mixed mode, tiered, compressed oops, g1 gc, linux-amd64)
# Problematic frame:
# C  [libjimage.so+0x4375]  ImageStrings::find(Endian*, char const*, int*, unsigned int)+0x65
#
# Core dump will be written. Default location: Core dumps may be processed with "/usr/share/apport/apport %p %s %c %d %P %E" (or dumping to /home/kote/Documents/workspace-spring-tool-suite-4-4.9.0.RELEASE/rentacar/core.29195)
#
# If you would like to submit a bug report, please visit:
#   https://bugreport.java.com/bugreport/crash.jsp
#

---------------  S U M M A R Y ------------

Command Line: -XX:+ShowCodeDetailsInExceptionMessages -agentlib:jdwp=transport=dt_socket,suspend=y,address=localhost:38263 -javaagent:/home/kote/sts-4.9.0.RELEASE/configuration/org.eclipse.osgi/247/0/.cp/lib/javaagent-shaded.jar -Dfile.encoding=UTF-8 com.kote.rentacar.RentacarApplication

Host: AMD Ryzen 5 3500U with Radeon Vega Mobile Gfx, 8 cores, 6G, Ubuntu 20.04.1 LTS
Time: Thu Mar  4 18:16:18 2021 -03 elapsed time: 854.493099 seconds (0d 0h 14m 14s)

---------------  T H R E A D  ---------------

Current thread (0x00007fb5c01de4d0):  JavaThread "Signal Dispatcher" daemon [_thread_in_vm, id=29212, stack(0x00007fb5c41a1000,0x00007fb5c42a2000)]

Stack: [0x00007fb5c41a1000,0x00007fb5c42a2000],  sp=0x00007fb5c429f1b0,  free space=1016k
Native frames: (J=compiled Java code, A=aot compiled Java code, j=interpreted, Vv=VM code, C=native code)
C  [libjimage.so+0x4375]  ImageStrings::find(Endian*, char const*, int*, unsigned int)+0x65
C  [libjimage.so+0x4f0e]  ImageFileReader::find_location_index(char const*, unsigned long long*) const+0x3e
C  [libjimage.so+0x540c]  JIMAGE_FindResource+0xfc
V  [libjvm.so+0x4e9f51]
V  [libjvm.so+0x4ee47e]
